2019-10-13 21:39:58.785 [main] INFO  org.hackthon.letsdinner.LetsdinnerApplication - Application starting...
2019-10-13 21:39:59.76 [restartedMain] INFO  org.hackthon.letsdinner.LetsdinnerApplication - Application starting...
2019-10-13 21:40:0.80 [restartedMain] INFO  org.hackthon.letsdinner.LetsdinnerApplication - Starting LetsdinnerApplication on SUdeMacBook-Air.local with PID 900 (/Users/su/IdeaProjects/letsdinner/target/classes started by su in /Users/su/IdeaProjects/letsdinner)
2019-10-13 21:40:0.88 [restartedMain] INFO  org.hackthon.letsdinner.LetsdinnerApplication - No active profile set, falling back to default profiles: default
2019-10-13 21:40:0.238 [restartedMain] INFO  org.springframework.boot.devtools.env.DevToolsPropertyDefaultsPostProcessor - Devtools property defaults active! Set 'spring.devtools.add-properties' to 'false' to disable
2019-10-13 21:40:0.238 [restartedMain] INFO  org.springframework.boot.devtools.env.DevToolsPropertyDefaultsPostProcessor - For additional web related logging consider setting the 'logging.level.web' property to 'DEBUG'
2019-10-13 21:40:2.866 [restartedMain] INFO  org.springframework.boot.web.embedded.tomcat.TomcatWebServer - Tomcat initialized with port(s): 8080 (http)
2019-10-13 21:40:2.895 [restartedMain] INFO  org.apache.coyote.http11.Http11NioProtocol - Initializing ProtocolHandler ["http-nio-8080"]
2019-10-13 21:40:2.924 [restartedMain] INFO  org.apache.catalina.core.StandardService - Starting service [Tomcat]
2019-10-13 21:40:2.926 [restartedMain] INFO  org.apache.catalina.core.StandardEngine - Starting Servlet engine: [Apache Tomcat/9.0.26]
2019-10-13 21:40:3.127 [restartedMain] INFO  org.apache.catalina.core.ContainerBase.[Tomcat].[localhost].[/] - Initializing Spring embedded WebApplicationContext
2019-10-13 21:40:3.128 [restartedMain] INFO  org.springframework.web.context.ContextLoader - Root WebApplicationContext: initialization completed in 2890 ms
2019-10-13 21:40:3.634 [restartedMain] INFO  org.springframework.scheduling.concurrent.ThreadPoolTaskExecutor - Initializing ExecutorService 'applicationTaskExecutor'
2019-10-13 21:40:3.787 [restartedMain] INFO  org.springframework.boot.autoconfigure.web.servlet.WelcomePageHandlerMapping - Adding welcome page template: index
2019-10-13 21:40:4.168 [restartedMain] INFO  org.springframework.boot.devtools.autoconfigure.OptionalLiveReloadServer - LiveReload server is running on port 35729
2019-10-13 21:40:4.304 [restartedMain] INFO  org.apache.coyote.http11.Http11NioProtocol - Starting ProtocolHandler ["http-nio-8080"]
2019-10-13 21:40:4.345 [restartedMain] INFO  org.springframework.boot.web.embedded.tomcat.TomcatWebServer - Tomcat started on port(s): 8080 (http) with context path ''
2019-10-13 21:40:4.350 [restartedMain] INFO  org.hackthon.letsdinner.LetsdinnerApplication - Started LetsdinnerApplication in 5.254 seconds (JVM running for 8.256)
2019-10-13 21:40:4.355 [restartedMain] INFO  org.hackthon.letsdinner.LetsdinnerApplication - Application started.
2019-10-13 21:40:31.641 [http-nio-8080-exec-2] INFO  org.apache.catalina.core.ContainerBase.[Tomcat].[localhost].[/] - Initializing Spring DispatcherServlet 'dispatcherServlet'
2019-10-13 21:40:31.643 [http-nio-8080-exec-2] INFO  org.springframework.web.servlet.DispatcherServlet - Initializing Servlet 'dispatcherServlet'
2019-10-13 21:40:31.661 [http-nio-8080-exec-2] INFO  org.springframework.web.servlet.DispatcherServlet - Completed initialization in 18 ms
2019-10-13 21:45:29.492 [Thread-8] INFO  org.springframework.scheduling.concurrent.ThreadPoolTaskExecutor - Shutting down ExecutorService 'applicationTaskExecutor'
2019-10-13 21:45:38.913 [main] INFO  org.hackthon.letsdinner.LetsdinnerApplication - Application starting...
2019-10-13 21:45:39.351 [restartedMain] INFO  org.hackthon.letsdinner.LetsdinnerApplication - Application starting...
2019-10-13 21:45:40.595 [restartedMain] INFO  org.hackthon.letsdinner.LetsdinnerApplication - Starting LetsdinnerApplication on SUdeMacBook-Air.local with PID 1172 (/Users/su/IdeaProjects/letsdinner/target/classes started by su in /Users/su/IdeaProjects/letsdinner)
2019-10-13 21:45:40.625 [restartedMain] INFO  org.hackthon.letsdinner.LetsdinnerApplication - No active profile set, falling back to default profiles: default
2019-10-13 21:45:40.743 [restartedMain] INFO  org.springframework.boot.devtools.env.DevToolsPropertyDefaultsPostProcessor - Devtools property defaults active! Set 'spring.devtools.add-properties' to 'false' to disable
2019-10-13 21:45:40.743 [restartedMain] INFO  org.springframework.boot.devtools.env.DevToolsPropertyDefaultsPostProcessor - For additional web related logging consider setting the 'logging.level.web' property to 'DEBUG'
2019-10-13 21:45:43.494 [restartedMain] INFO  org.springframework.boot.web.embedded.tomcat.TomcatWebServer - Tomcat initialized with port(s): 8080 (http)
2019-10-13 21:45:43.523 [restartedMain] INFO  org.apache.coyote.http11.Http11NioProtocol - Initializing ProtocolHandler ["http-nio-8080"]
2019-10-13 21:45:43.546 [restartedMain] INFO  org.apache.catalina.core.StandardService - Starting service [Tomcat]
2019-10-13 21:45:43.548 [restartedMain] INFO  org.apache.catalina.core.StandardEngine - Starting Servlet engine: [Apache Tomcat/9.0.26]
2019-10-13 21:45:43.727 [restartedMain] INFO  org.apache.catalina.core.ContainerBase.[Tomcat].[localhost].[/] - Initializing Spring embedded WebApplicationContext
2019-10-13 21:45:43.727 [restartedMain] INFO  org.springframework.web.context.ContextLoader - Root WebApplicationContext: initialization completed in 2983 ms
2019-10-13 21:45:44.549 [restartedMain] INFO  org.springframework.scheduling.concurrent.ThreadPoolTaskExecutor - Initializing ExecutorService 'applicationTaskExecutor'
2019-10-13 21:45:44.851 [restartedMain] INFO  org.springframework.boot.autoconfigure.web.servlet.WelcomePageHandlerMapping - Adding welcome page template: index
2019-10-13 21:45:45.308 [restartedMain] INFO  org.springframework.boot.devtools.autoconfigure.OptionalLiveReloadServer - LiveReload server is running on port 35729
2019-10-13 21:45:45.453 [restartedMain] INFO  org.apache.coyote.http11.Http11NioProtocol - Starting ProtocolHandler ["http-nio-8080"]
2019-10-13 21:45:45.502 [restartedMain] INFO  org.springframework.boot.web.embedded.tomcat.TomcatWebServer - Tomcat started on port(s): 8080 (http) with context path ''
2019-10-13 21:45:45.509 [restartedMain] INFO  org.hackthon.letsdinner.LetsdinnerApplication - Started LetsdinnerApplication in 6.14 seconds (JVM running for 9.786)
2019-10-13 21:45:45.513 [restartedMain] INFO  org.hackthon.letsdinner.LetsdinnerApplication - Application started.
2019-10-13 21:45:47.441 [http-nio-8080-exec-1] INFO  org.apache.catalina.core.ContainerBase.[Tomcat].[localhost].[/] - Initializing Spring DispatcherServlet 'dispatcherServlet'
2019-10-13 21:45:47.441 [http-nio-8080-exec-1] INFO  org.springframework.web.servlet.DispatcherServlet - Initializing Servlet 'dispatcherServlet'
2019-10-13 21:45:47.454 [http-nio-8080-exec-1] INFO  org.springframework.web.servlet.DispatcherServlet - Completed initialization in 12 ms
2019-10-13 21:55:12.41 [http-nio-8080-exec-2] ERROR org.hackthon.letsdinner.core.BusinessExceptionHandler - url: http://127.0.0.1:8080/test/errorAjax, msg: param不能为null, stackTrace: [org.hackthon.letsdinner.controller.TestController.errorAjax(TestController.java:91), java.base/jdk.internal.reflect.NativeMethodAccessorImpl.invoke0(Native Method), java.base/jdk.internal.reflect.NativeMethodAccessorImpl.invoke(NativeMethodAccessorImpl.java:62), java.base/jdk.internal.reflect.DelegatingMethodAccessorImpl.invoke(DelegatingMethodAccessorImpl.java:43), java.base/java.lang.reflect.Method.invoke(Method.java:566), org.springframework.web.method.support.InvocableHandlerMethod.doInvoke(InvocableHandlerMethod.java:190), org.springframework.web.method.support.InvocableHandlerMethod.invokeForRequest(InvocableHandlerMethod.java:138), org.springframework.web.servlet.mvc.method.annotation.ServletInvocableHandlerMethod.invokeAndHandle(ServletInvocableHandlerMethod.java:105), org.springframework.web.servlet.mvc.method.annotation.RequestMappingHandlerAdapter.invokeHandlerMethod(RequestMappingHandlerAdapter.java:893), org.springframework.web.servlet.mvc.method.annotation.RequestMappingHandlerAdapter.handleInternal(RequestMappingHandlerAdapter.java:798), org.springframework.web.servlet.mvc.method.AbstractHandlerMethodAdapter.handle(AbstractHandlerMethodAdapter.java:87), org.springframework.web.servlet.DispatcherServlet.doDispatch(DispatcherServlet.java:1040), org.springframework.web.servlet.DispatcherServlet.doService(DispatcherServlet.java:943), org.springframework.web.servlet.FrameworkServlet.processRequest(FrameworkServlet.java:1006), org.springframework.web.servlet.FrameworkServlet.doGet(FrameworkServlet.java:898), javax.servlet.http.HttpServlet.service(HttpServlet.java:634), org.springframework.web.servlet.FrameworkServlet.service(FrameworkServlet.java:883), javax.servlet.http.HttpServlet.service(HttpServlet.java:741), org.apache.catalina.core.ApplicationFilterChain.internalDoFilter(ApplicationFilterChain.java:231), org.apache.catalina.core.ApplicationFilterChain.doFilter(ApplicationFilterChain.java:166), org.apache.tomcat.websocket.server.WsFilter.doFilter(WsFilter.java:53), org.apache.catalina.core.ApplicationFilterChain.internalDoFilter(ApplicationFilterChain.java:193), org.apache.catalina.core.ApplicationFilterChain.doFilter(ApplicationFilterChain.java:166), org.springframework.web.filter.RequestContextFilter.doFilterInternal(RequestContextFilter.java:100), org.springframework.web.filter.OncePerRequestFilter.doFilter(OncePerRequestFilter.java:119), org.apache.catalina.core.ApplicationFilterChain.internalDoFilter(ApplicationFilterChain.java:193), org.apache.catalina.core.ApplicationFilterChain.doFilter(ApplicationFilterChain.java:166), org.springframework.web.filter.FormContentFilter.doFilterInternal(FormContentFilter.java:93), org.springframework.web.filter.OncePerRequestFilter.doFilter(OncePerRequestFilter.java:119), org.apache.catalina.core.ApplicationFilterChain.internalDoFilter(ApplicationFilterChain.java:193), org.apache.catalina.core.ApplicationFilterChain.doFilter(ApplicationFilterChain.java:166), org.springframework.web.filter.HiddenHttpMethodFilter.doFilterInternal(HiddenHttpMethodFilter.java:94), org.springframework.web.filter.OncePerRequestFilter.doFilter(OncePerRequestFilter.java:119), org.apache.catalina.core.ApplicationFilterChain.internalDoFilter(ApplicationFilterChain.java:193), org.apache.catalina.core.ApplicationFilterChain.doFilter(ApplicationFilterChain.java:166), org.springframework.web.filter.CharacterEncodingFilter.doFilterInternal(CharacterEncodingFilter.java:201), org.springframework.web.filter.OncePerRequestFilter.doFilter(OncePerRequestFilter.java:119), org.apache.catalina.core.ApplicationFilterChain.internalDoFilter(ApplicationFilterChain.java:193), org.apache.catalina.core.ApplicationFilterChain.doFilter(ApplicationFilterChain.java:166), org.apache.catalina.core.StandardWrapperValve.invoke(StandardWrapperValve.java:202), org.apache.catalina.core.StandardContextValve.invoke(StandardContextValve.java:96), org.apache.catalina.authenticator.AuthenticatorBase.invoke(AuthenticatorBase.java:526), org.apache.catalina.core.StandardHostValve.invoke(StandardHostValve.java:139), org.apache.catalina.valves.ErrorReportValve.invoke(ErrorReportValve.java:92), org.apache.catalina.core.StandardEngineValve.invoke(StandardEngineValve.java:74), org.apache.catalina.connector.CoyoteAdapter.service(CoyoteAdapter.java:343), org.apache.coyote.http11.Http11Processor.service(Http11Processor.java:408), org.apache.coyote.AbstractProcessorLight.process(AbstractProcessorLight.java:66), org.apache.coyote.AbstractProtocol$ConnectionHandler.process(AbstractProtocol.java:860), org.apache.tomcat.util.net.NioEndpoint$SocketProcessor.doRun(NioEndpoint.java:1589), org.apache.tomcat.util.net.SocketProcessorBase.run(SocketProcessorBase.java:49), java.base/java.util.concurrent.ThreadPoolExecutor.runWorker(ThreadPoolExecutor.java:1128), java.base/java.util.concurrent.ThreadPoolExecutor$Worker.run(ThreadPoolExecutor.java:628), org.apache.tomcat.util.threads.TaskThread$WrappingRunnable.run(TaskThread.java:61), java.base/java.lang.Thread.run(Thread.java:834)]
2019-10-13 21:55:18.426 [http-nio-8080-exec-2] WARN  org.springframework.web.servlet.mvc.method.annotation.ExceptionHandlerExceptionResolver - Resolved [org.hackthon.letsdinner.core.BusinessException: param不能为null]
2019-10-13 21:55:18.429 [Thread-8] INFO  org.springframework.scheduling.concurrent.ThreadPoolTaskExecutor - Shutting down ExecutorService 'applicationTaskExecutor'
2019-10-13 21:55:23.377 [main] INFO  org.hackthon.letsdinner.LetsdinnerApplication - Application starting...
2019-10-13 21:55:23.556 [restartedMain] INFO  org.hackthon.letsdinner.LetsdinnerApplication - Application starting...
2019-10-13 21:55:24.511 [restartedMain] INFO  org.hackthon.letsdinner.LetsdinnerApplication - Starting LetsdinnerApplication on SUdeMacBook-Air.local with PID 1329 (/Users/su/IdeaProjects/letsdinner/target/classes started by su in /Users/su/IdeaProjects/letsdinner)
2019-10-13 21:55:24.525 [restartedMain] INFO  org.hackthon.letsdinner.LetsdinnerApplication - No active profile set, falling back to default profiles: default
2019-10-13 21:55:24.696 [restartedMain] INFO  org.springframework.boot.devtools.env.DevToolsPropertyDefaultsPostProcessor - Devtools property defaults active! Set 'spring.devtools.add-properties' to 'false' to disable
2019-10-13 21:55:24.697 [restartedMain] INFO  org.springframework.boot.devtools.env.DevToolsPropertyDefaultsPostProcessor - For additional web related logging consider setting the 'logging.level.web' property to 'DEBUG'
2019-10-13 21:55:27.856 [restartedMain] INFO  org.springframework.boot.web.embedded.tomcat.TomcatWebServer - Tomcat initialized with port(s): 8080 (http)
2019-10-13 21:55:27.888 [restartedMain] INFO  org.apache.coyote.http11.Http11NioProtocol - Initializing ProtocolHandler ["http-nio-8080"]
2019-10-13 21:55:27.912 [restartedMain] INFO  org.apache.catalina.core.StandardService - Starting service [Tomcat]
2019-10-13 21:55:27.913 [restartedMain] INFO  org.apache.catalina.core.StandardEngine - Starting Servlet engine: [Apache Tomcat/9.0.26]
2019-10-13 21:55:28.88 [restartedMain] INFO  org.apache.catalina.core.ContainerBase.[Tomcat].[localhost].[/] - Initializing Spring embedded WebApplicationContext
2019-10-13 21:55:28.89 [restartedMain] INFO  org.springframework.web.context.ContextLoader - Root WebApplicationContext: initialization completed in 3392 ms
2019-10-13 21:55:28.552 [restartedMain] INFO  org.springframework.scheduling.concurrent.ThreadPoolTaskExecutor - Initializing ExecutorService 'applicationTaskExecutor'
2019-10-13 21:55:28.667 [restartedMain] INFO  org.springframework.boot.autoconfigure.web.servlet.WelcomePageHandlerMapping - Adding welcome page template: index
2019-10-13 21:55:28.942 [restartedMain] INFO  org.springframework.boot.devtools.autoconfigure.OptionalLiveReloadServer - LiveReload server is running on port 35729
2019-10-13 21:55:29.37 [restartedMain] INFO  org.apache.coyote.http11.Http11NioProtocol - Starting ProtocolHandler ["http-nio-8080"]
2019-10-13 21:55:29.77 [restartedMain] INFO  org.springframework.boot.web.embedded.tomcat.TomcatWebServer - Tomcat started on port(s): 8080 (http) with context path ''
2019-10-13 21:55:29.85 [restartedMain] INFO  org.hackthon.letsdinner.LetsdinnerApplication - Started LetsdinnerApplication in 5.517 seconds (JVM running for 8.403)
2019-10-13 21:55:29.89 [restartedMain] INFO  org.hackthon.letsdinner.LetsdinnerApplication - Application started.
2019-10-13 21:56:40.761 [http-nio-8080-exec-1] INFO  org.apache.catalina.core.ContainerBase.[Tomcat].[localhost].[/] - Initializing Spring DispatcherServlet 'dispatcherServlet'
2019-10-13 21:56:40.762 [http-nio-8080-exec-1] INFO  org.springframework.web.servlet.DispatcherServlet - Initializing Servlet 'dispatcherServlet'
2019-10-13 21:56:40.771 [http-nio-8080-exec-1] INFO  org.springframework.web.servlet.DispatcherServlet - Completed initialization in 9 ms
2019-10-13 21:56:40.816 [http-nio-8080-exec-1] ERROR org.hackthon.letsdinner.core.BusinessExceptionHandler - url: http://127.0.0.1:8080/test/errorAjax, msg: param不能为null, stackTrace: [org.hackthon.letsdinner.controller.TestController.errorAjax(TestController.java:91), java.base/jdk.internal.reflect.NativeMethodAccessorImpl.invoke0(Native Method), java.base/jdk.internal.reflect.NativeMethodAccessorImpl.invoke(NativeMethodAccessorImpl.java:62), java.base/jdk.internal.reflect.DelegatingMethodAccessorImpl.invoke(DelegatingMethodAccessorImpl.java:43), java.base/java.lang.reflect.Method.invoke(Method.java:566), org.springframework.web.method.support.InvocableHandlerMethod.doInvoke(InvocableHandlerMethod.java:190), org.springframework.web.method.support.InvocableHandlerMethod.invokeForRequest(InvocableHandlerMethod.java:138), org.springframework.web.servlet.mvc.method.annotation.ServletInvocableHandlerMethod.invokeAndHandle(ServletInvocableHandlerMethod.java:105), org.springframework.web.servlet.mvc.method.annotation.RequestMappingHandlerAdapter.invokeHandlerMethod(RequestMappingHandlerAdapter.java:893), org.springframework.web.servlet.mvc.method.annotation.RequestMappingHandlerAdapter.handleInternal(RequestMappingHandlerAdapter.java:798), org.springframework.web.servlet.mvc.method.AbstractHandlerMethodAdapter.handle(AbstractHandlerMethodAdapter.java:87), org.springframework.web.servlet.DispatcherServlet.doDispatch(DispatcherServlet.java:1040), org.springframework.web.servlet.DispatcherServlet.doService(DispatcherServlet.java:943), org.springframework.web.servlet.FrameworkServlet.processRequest(FrameworkServlet.java:1006), org.springframework.web.servlet.FrameworkServlet.doGet(FrameworkServlet.java:898), javax.servlet.http.HttpServlet.service(HttpServlet.java:634), org.springframework.web.servlet.FrameworkServlet.service(FrameworkServlet.java:883), javax.servlet.http.HttpServlet.service(HttpServlet.java:741), org.apache.catalina.core.ApplicationFilterChain.internalDoFilter(ApplicationFilterChain.java:231), org.apache.catalina.core.ApplicationFilterChain.doFilter(ApplicationFilterChain.java:166), org.apache.tomcat.websocket.server.WsFilter.doFilter(WsFilter.java:53), org.apache.catalina.core.ApplicationFilterChain.internalDoFilter(ApplicationFilterChain.java:193), org.apache.catalina.core.ApplicationFilterChain.doFilter(ApplicationFilterChain.java:166), org.springframework.web.filter.RequestContextFilter.doFilterInternal(RequestContextFilter.java:100), org.springframework.web.filter.OncePerRequestFilter.doFilter(OncePerRequestFilter.java:119), org.apache.catalina.core.ApplicationFilterChain.internalDoFilter(ApplicationFilterChain.java:193), org.apache.catalina.core.ApplicationFilterChain.doFilter(ApplicationFilterChain.java:166), org.springframework.web.filter.FormContentFilter.doFilterInternal(FormContentFilter.java:93), org.springframework.web.filter.OncePerRequestFilter.doFilter(OncePerRequestFilter.java:119), org.apache.catalina.core.ApplicationFilterChain.internalDoFilter(ApplicationFilterChain.java:193), org.apache.catalina.core.ApplicationFilterChain.doFilter(ApplicationFilterChain.java:166), org.springframework.web.filter.HiddenHttpMethodFilter.doFilterInternal(HiddenHttpMethodFilter.java:94), org.springframework.web.filter.OncePerRequestFilter.doFilter(OncePerRequestFilter.java:119), org.apache.catalina.core.ApplicationFilterChain.internalDoFilter(ApplicationFilterChain.java:193), org.apache.catalina.core.ApplicationFilterChain.doFilter(ApplicationFilterChain.java:166), org.springframework.web.filter.CharacterEncodingFilter.doFilterInternal(CharacterEncodingFilter.java:201), org.springframework.web.filter.OncePerRequestFilter.doFilter(OncePerRequestFilter.java:119), org.apache.catalina.core.ApplicationFilterChain.internalDoFilter(ApplicationFilterChain.java:193), org.apache.catalina.core.ApplicationFilterChain.doFilter(ApplicationFilterChain.java:166), org.apache.catalina.core.StandardWrapperValve.invoke(StandardWrapperValve.java:202), org.apache.catalina.core.StandardContextValve.invoke(StandardContextValve.java:96), org.apache.catalina.authenticator.AuthenticatorBase.invoke(AuthenticatorBase.java:526), org.apache.catalina.core.StandardHostValve.invoke(StandardHostValve.java:139), org.apache.catalina.valves.ErrorReportValve.invoke(ErrorReportValve.java:92), org.apache.catalina.core.StandardEngineValve.invoke(StandardEngineValve.java:74), org.apache.catalina.connector.CoyoteAdapter.service(CoyoteAdapter.java:343), org.apache.coyote.http11.Http11Processor.service(Http11Processor.java:408), org.apache.coyote.AbstractProcessorLight.process(AbstractProcessorLight.java:66), org.apache.coyote.AbstractProtocol$ConnectionHandler.process(AbstractProtocol.java:860), org.apache.tomcat.util.net.NioEndpoint$SocketProcessor.doRun(NioEndpoint.java:1589), org.apache.tomcat.util.net.SocketProcessorBase.run(SocketProcessorBase.java:49), java.base/java.util.concurrent.ThreadPoolExecutor.runWorker(ThreadPoolExecutor.java:1128), java.base/java.util.concurrent.ThreadPoolExecutor$Worker.run(ThreadPoolExecutor.java:628), org.apache.tomcat.util.threads.TaskThread$WrappingRunnable.run(TaskThread.java:61), java.base/java.lang.Thread.run(Thread.java:834)]
2019-10-13 21:56:40.896 [http-nio-8080-exec-1] WARN  org.springframework.web.servlet.mvc.method.annotation.ExceptionHandlerExceptionResolver - Resolved [org.hackthon.letsdinner.core.BusinessException: param不能为null]
2019-10-13 21:57:12.963 [Thread-8] INFO  org.springframework.scheduling.concurrent.ThreadPoolTaskExecutor - Shutting down ExecutorService 'applicationTaskExecutor'
